<?xml version="1.0" encoding="UTF-8"?>
<testsuite xmlns:xsi="http://www.w3.org/2001/XMLSchema-instance" xsi:noNamespaceSchemaLocation="https://maven.apache.org/surefire/maven-surefire-plugin/xsd/surefire-test-report.xsd" name="uta.cse3310.WordGridTest" time="0.238" tests="11" errors="0" skipped="0" failures="0">
  <properties>
[...]
</properties>
  <testcase name="uta.cse3310.WordGridTest.testWordGridCreation" classname="uta.cse3310.WordGridTest" time="0"/>
  <testcase name="uta.cse3310.WordGridTest.testHintWordGrid" classname="uta.cse3310.WordGridTest" time="0.002"/>
  <testcase name="uta.cse3310.WordGridTest.testFillHorizontal" classname="uta.cse3310.WordGridTest" time="0.001"/>
  <testcase name="uta.cse3310.WordGridTest.testFillVerticalDown" classname="uta.cse3310.WordGridTest" time="0"/>
  <testcase name="uta.cse3310.WordGridTest.testFillDiagonalDown" classname="uta.cse3310.WordGridTest" time="0"/>
  <testcase name="uta.cse3310.WordGridTest.testFillDiagonalUp" classname="uta.cse3310.WordGridTest" time="0"/>
  <testcase name="uta.cse3310.WordGridTest.testFillVerticalUp" classname="uta.cse3310.WordGridTest" time="0.004"/>
  <testcase name="uta.cse3310.WordGridTest.testExtraLetters" classname="uta.cse3310.WordGridTest" time="0"/>
  <testcase name="uta.cse3310.WordGridTest.testDisplayGrid" classname="uta.cse3310.WordGridTest" time="0.199"/>
  <testcase name="uta.cse3310.WordGridTest.testWordGridJson" classname="uta.cse3310.WordGridTest" time="0"/>
  <testcase name="uta.cse3310.WordGridTest.testWordFill" classname="uta.cse3310.WordGridTest" time="0.028"/>
</testsuite>