<?xml version="1.0" encoding="UTF-8"?>
<testsuite xmlns:xsi="http://www.w3.org/2001/XMLSchema-instance" xsi:noNamespaceSchemaLocation="https://maven.apache.org/surefire/maven-surefire-plugin/xsd/surefire-test-report.xsd" name="uta.cse3310.GameTest" time="0.187" tests="11" errors="0" skipped="0" failures="0">
  <properties>
[...]
</properties>
  <testcase name="uta.cse3310.GameTest.testAddUser" classname="uta.cse3310.GameTest" time="0"/>
  <testcase name="uta.cse3310.GameTest.testGenerateRandomUniqueColor" classname="uta.cse3310.GameTest" time="0"/>
  <testcase name="uta.cse3310.GameTest.testUpdateScoreboard" classname="uta.cse3310.GameTest" time="0.033"/>
  <testcase name="uta.cse3310.GameTest.testGameEnd" classname="uta.cse3310.GameTest" time="0.021"/>
  <testcase name="uta.cse3310.GameTest.testHintWordGrid" classname="uta.cse3310.GameTest" time="0.023"/>
  <testcase name="uta.cse3310.GameTest.testCreateGameConfirmButton" classname="uta.cse3310.GameTest" time="0.066"/>
  <testcase name="uta.cse3310.GameTest.testGameStart" classname="uta.cse3310.GameTest" time="0.014"/>
  <testcase name="uta.cse3310.GameTest.testDisplayPlayerInfo" classname="uta.cse3310.GameTest" time="0.006"/>
  <testcase name="uta.cse3310.GameTest.testGameChat" classname="uta.cse3310.GameTest" time="0.001"/>
  <testcase name="uta.cse3310.GameTest.testDisplayScoreboard" classname="uta.cse3310.GameTest" time="0.007"/>
  <testcase name="uta.cse3310.GameTest.testGameWaiting" classname="uta.cse3310.GameTest" time="0.013"/>
</testsuite>